C51 COMPILER V9.60.0.0   TIMER                                                             04/07/2023 19:11:04 PAGE 1   


C51 COMPILER V9.60.0.0, COMPILATION OF MODULE TIMER
OBJECT MODULE PLACED IN ..\output\Timer.obj
COMPILER INVOKED BY: D:\software\keil\C51\BIN\C51.EXE ..\sourse\Timer.c OPTIMIZE(8,SPEED) BROWSE INCDIR(..\sourse) DEBUG
                    - OBJECTEXTEND PRINT(.\Listings\Timer.lst) TABS(2) OBJECT(..\output\Timer.obj)

line level    source

   1          #include "head.h"
   2          
   3          unsigned char busy;
   4          
   5          
   6          void Timer0Init()   //1毫秒@11.0592MHz
   7          {
   8   1        
   9   1        TMOD &= 0xF0;   //设置定时器模式
  10   1        TMOD |= 0x01;   //设置定时器模式
  11   1        
  12   1        TL0 = 0x18;   //设置定时初始值
  13   1        TH0 = 0xfc;   //设置定时初始值
  14   1        
  15   1        TF0 = 0;
  16   1      
  17   1        TR0 = 1;
  18   1        ET0 = 1;
  19   1      }
  20          
  21          
  22          
  23          //void UartInit()   //9600bps@12.000MHz
  24          //{
  25          //  SCON = 0x50;    //8位数据,可变波特率
  26          //  AUXR |= 0x40;   //定时器时钟1T模式
  27          //  AUXR &= 0xFE;   //串口1选择定时器1为波特率发生器
  28          //  TMOD &= 0x0F;   //设置定时器模式
  29          //  TL1 = 0xC7;   //设置定时初始值
  30          //  TH1 = 0xFE;   //设置定时初始值
  31          //  ET1 = 0;    //禁止定时器%d中断
  32          //  TR1 = 1;    //定时器1开始计时
  33          //  
  34          //  ES = 1;
  35          //}
  36          
  37          
  38          
  39          
  40          //void Uart() interrupt 4
  41          //{
  42          //  while(!RI);
  43          //  dat = SBUF;
  44          //  P2 = dat;
  45          //  
  46          //}
  47          
  48          
  49          
  50          
  51          
  52          
  53          //void Sendbyte(unsigned char dat)
  54          //{
C51 COMPILER V9.60.0.0   TIMER                                                             04/07/2023 19:11:04 PAGE 2   

  55          //  SBUF = dat;                 //写数据到UART数据寄存器
  56          //  while(!TI);
  57          //  Ti = 0;
  58          //}
  59          
  60          
  61          
  62          
  63          
  64          
  65          
  66          
  67          
  68          
  69          
  70          
  71          
  72          
  73          
  74          
  75          
  76          
  77          void ServiceTimer0() interrupt 1
  78          {
  79   1        static unsigned int i = 0;
  80   1        static unsigned int i_flag = 0;
  81   1        TL0 = 0X18;   //设置定时初始值
  82   1        TH0 = 0XFC;   //设置定时初始值
  83   1        
  84   1        P0 = 0xff;
  85   1      
  86   1        HC138_config(4);
  87   1        if(temp / 10 >= refer)
  88   1        {
  89   2        i++;
  90   2        if(i >= 100)
  91   2        {
  92   3          
  93   3          i = 0;
  94   3          i_flag = ~i_flag;
  95   3          if(i_flag)
  96   3            led_config(3,0);
  97   3          else
  98   3            led_config(3,1);
  99   3        }
 100   2        }
 101   1        else
 102   1        led_config(3,0);
 103   1        
 104   1        HC138_config(0);//可防止led灯暗淡
 105   1      
 106   1        
 107   1        menu_Scon();
 108   1        
 109   1        
 110   1      }
 111          
 112          


MODULE INFORMATION:   STATIC OVERLAYABLE
   CODE SIZE        =    166    ----
C51 COMPILER V9.60.0.0   TIMER                                                             04/07/2023 19:11:04 PAGE 3   

   CONSTANT SIZE    =   ----    ----
   XDATA SIZE       =   ----    ----
   PDATA SIZE       =   ----    ----
   DATA SIZE        =      5    ----
   IDATA SIZE       =   ----    ----
   BIT SIZE         =   ----    ----
END OF MODULE INFORMATION.


C51 COMPILATION COMPLETE.  0 WARNING(S),  0 ERROR(S)
